<?xml version="1.0" encoding="UTF-8"?>
<beans xmlns="http://www.springframework.org/schema/beans"
       xmlns:xsi="http://www.w3.org/2001/XMLSchema-instance"
       xmlns:context="http://www.springframework.org/schema/context"
       xmlns:tx="http://www.springframework.org/schema/tx"
              xmlns:aop="http://www.springframework.org/schema/aop"
       xsi:schemaLocation="http://www.springframework.org/schema/beans
                           http://www.springframework.org/schema/beans/spring-beans.xsd
                           http://www.springframework.org/schema/mvc
                           http://www.springframework.org/schema/mvc/spring-mvc.xsd
                           http://www.springframework.org/schema/tx 
                           http://www.springframework.org/schema/tx/spring-tx-3.0.xsd
                           http://www.springframework.org/schema/context
                           http://www.springframework.org/schema/context/spring-context.xsd
       http://www.springframework.org/schema/aop http://www.springframework.org/schema/aop/spring-aop-3.2.xsd"> 

 <tx:annotation-driven/>
<context:component-scan base-package="com.swcguild.librarymvc.dao"/>

<bean id= "dataSource" class="org.apache.commons.dbcp.BasicDataSource"> 

    <property name="driverClassName" value="com.mysql.jdbc.Driver"/>
    <property name="url" value="jdbc:mysql://localhost:3306/library"/>
    <property name="username"  value="root"/>
    <property name ="password" value="apprentice"/>
    <property name ="initialSize" value="5"/>
    <property name="maxActive" value = "10"/> 

</bean>

<!--Manages Communication with the databases-->
<bean id = "transactionManager" class="org.springframework.jdbc.datasource.DataSourceTransactionManager">    
    <property name="dataSource" ref="dataSource"/>
</bean> 


<bean id= "jdbcTemplate" class= "org.springframework.jdbc.core.JdbcTemplate">
    <property name="dataSource" ref="dataSource"/>
</bean>
    

<!--<bean id = "libraryDao" class="com.swcguild.librarymvc.dao.LibraryDAODbImpl">
    <property name="jdbcTemplate" ref="jdbcTemplate"/>
</bean>-->

<!--HIBERNATE CONFIGURATIONS-->
<bean id = "hibernateLibraryDao" class="com.swcguild.librarymvc.dao.LibraryDaoHibernateImpl">
    <constructor-arg ref="sessionFactory"/>
</bean>

<bean id ="sessionFactory" class="org.springframework.orm.hibernate4.LocalSessionFactoryBean">
    <property name="dataSource" ref="dataSource"/>
    <property name="packagesToScan" value="com.swcguild.librarymvc.model"/>
    
    <property name="hibernateProperties">
        <props> 
            <prop key ="dialect"> org.hibernate.dialect.MySQLDialect </prop>
        </props>
    </property>
</bean>


</beans>
